<?xml version="1.0" encoding="UTF-8"?>
<!-- Generated by org.testng.reporters.JUnitReportReporter -->
<testsuite hostname="Priya" name="org.testng.TestNgOne" tests="1" failures="0" timestamp="26 Jul 2022 17:48:22 GMT" time="0.027" errors="0">
  <testcase name="test12" time="0.027" classname="org.testng.TestNgOne"/>
</testsuite> <!-- org.testng.TestNgOne -->
