<?xml version="1.0" encoding="UTF-8"?>
<!-- Generated by org.testng.reporters.JUnitReportReporter -->
<testsuite hostname="Priya" name="org.test.TestAnnotation" tests="10" failures="0" timestamp="26 Jul 2022 17:18:28 GMT" time="0.233" errors="0">
  <testcase name="test1" time="0.048" classname="org.test.TestAnnotation"/>
  <testcase name="test2" time="0.072" classname="org.test.TestAnnotation"/>
  <testcase name="test2" time="0.003" classname="org.test.TestAnnotation"/>
  <testcase name="test3" time="0.017" classname="org.test.TestAnnotation"/>
  <testcase name="test6" time="0.040" classname="org.test.TestAnnotation"/>
  <testcase name="test2" time="0.003" classname="org.test.TestAnnotation"/>
  <testcase name="test2" time="0.013" classname="org.test.TestAnnotation"/>
  <testcase name="test4" time="0.027" classname="org.test.TestAnnotation"/>
  <testcase name="test2" time="0.003" classname="org.test.TestAnnotation"/>
  <testcase name="test5" time="0.007" classname="org.test.TestAnnotation"/>
</testsuite> <!-- org.test.TestAnnotation -->
